2022-04-12 22:56:29.442 MSK postmaster[3836] LOG:  starting PostgreSQL 15devel on x86_64-pc-linux-gnu, compiled by gcc (Ubuntu 9.3.0-17ubuntu1~20.04) 9.3.0, 64-bit
2022-04-12 22:56:29.442 MSK postmaster[3836] LOG:  listening on Unix socket "/tmp/pg_regress-O6XSuX/.s.PGSQL.51696"
2022-04-12 22:56:29.443 MSK startup[3841] LOG:  database system was shut down at 2022-04-12 22:56:29 MSK
2022-04-12 22:56:29.444 MSK postmaster[3836] LOG:  database system is ready to accept connections
2022-04-12 22:56:30.451 MSK checkpointer[3839] LOG:  checkpoint starting: immediate force wait flush-all
2022-04-12 22:56:30.451 MSK checkpointer[3839] LOG:  checkpoint complete: wrote 6 buffers (0.0%); 0 WAL file(s) added, 0 removed, 0 recycled; write=0.001 s, sync=0.001 s, total=0.001 s; sync files=0, longest=0.000 s, average=0.000 s; distance=1 kB, estimate=1 kB
2022-04-12 22:56:30.460 MSK checkpointer[3839] LOG:  checkpoint starting: immediate force wait
2022-04-12 22:56:30.461 MSK checkpointer[3839] LOG:  checkpoint complete: wrote 0 buffers (0.0%); 0 WAL file(s) added, 0 removed, 0 recycled; write=0.001 s, sync=0.001 s, total=0.001 s; sync files=0, longest=0.000 s, average=0.000 s; distance=0 kB, estimate=1 kB
2022-04-12 22:56:30.471 MSK client backend[3853] pg_regress/dummy_toaster ERROR:  multiple TOASTER clauses not allowed
2022-04-12 22:56:30.471 MSK client backend[3853] pg_regress/dummy_toaster STATEMENT:  CREATE TABLE tst_failed (
		t text TOASTER dummy_toaster TOASTER dummy_toaster
	);
2022-04-12 22:56:30.488 MSK client backend[3853] pg_regress/dummy_toaster ERROR:  Data <2000> size exceeds MAX_DUMMY_CHUNK_SIZE <1024>
2022-04-12 22:56:30.488 MSK client backend[3853] pg_regress/dummy_toaster STATEMENT:  update tst3 set t = repeat('c', 2000)::text;
2022-04-12 22:56:30.488 MSK client backend[3853] pg_regress/dummy_toaster ERROR:  Data <2000> size exceeds MAX_DUMMY_CHUNK_SIZE <1024>
2022-04-12 22:56:30.488 MSK client backend[3853] pg_regress/dummy_toaster STATEMENT:  update tst3 set f = repeat('d', 2000)::text;
2022-04-12 22:56:30.493 MSK postmaster[3836] LOG:  received fast shutdown request
2022-04-12 22:56:30.493 MSK postmaster[3836] LOG:  aborting any active transactions
2022-04-12 22:56:30.493 MSK postmaster[3836] LOG:  background worker "logical replication launcher" (PID 3845) exited with exit code 1
2022-04-12 22:56:30.493 MSK checkpointer[3839] LOG:  shutting down
2022-04-12 22:56:30.493 MSK checkpointer[3839] LOG:  checkpoint starting: shutdown immediate
2022-04-12 22:56:30.495 MSK checkpointer[3839] LOG:  checkpoint complete: wrote 121 buffers (0.7%); 0 WAL file(s) added, 0 removed, 0 recycled; write=0.002 s, sync=0.001 s, total=0.003 s; sync files=0, longest=0.000 s, average=0.000 s; distance=579 kB, estimate=579 kB
2022-04-12 22:56:30.498 MSK postmaster[3836] LOG:  database system is shut down
